<?xml version="1.0" encoding="UTF-8"?>
<!-- Generated by org.testng.reporters.JUnitReportReporter -->
<testsuite hostname="DESKTOP-LHMO7C5" failures="0" tests="1" name="com.testsuitess.logintest2" time="14.429" errors="0" timestamp="2024-02-07T17:58:27 IST" skipped="0">
  <testcase classname="com.testsuitess.logintest2" name="test1" time="14.429"/>
  <system-out/>
</testsuite> <!-- com.testsuitess.logintest2 -->
