<?xml version="1.0" encoding="UTF-8"?>
<!-- Generated by org.testng.reporters.JUnitReportReporter -->
<testsuite hostname="DESKTOP-LHMO7C5" failures="0" tests="1" name="testsuites.perform" time="12.082" errors="0" timestamp="2024-01-31T10:38:25 IST" skipped="0">
  <testcase classname="testsuites.perform" name="ready" time="12.082"/>
  <system-out/>
</testsuite> <!-- testsuites.perform -->
