<?xml version="1.0" encoding="UTF-8"?>
<!-- Generated by org.testng.reporters.JUnitReportReporter -->
<testsuite hostname="DESKTOP-LHMO7C5" failures="0" tests="1" name="com.testsuite.regtest" time="21.863" errors="0" timestamp="2024-02-10T19:57:06 IST" skipped="0">
  <testcase classname="com.testsuite.regtest" name="registertest" time="21.863"/>
  <system-out/>
</testsuite> <!-- com.testsuite.regtest -->
