<?xml version="1.0" encoding="UTF-8"?>
<!-- Generated by org.testng.reporters.JUnitReportReporter -->
<testsuite hostname="DESKTOP-LHMO7C5" failures="0" tests="1" name="com.demo.j.elementss" time="20.852" errors="0" timestamp="2024-02-12T15:42:00 IST" skipped="0">
  <testcase classname="com.demo.j.elementss" name="login" time="20.852"/>
  <system-out/>
</testsuite> <!-- com.demo.j.elementss -->
