<?xml version="1.0" encoding="UTF-8"?>
<!-- Generated by org.testng.reporters.JUnitReportReporter -->
<testsuite hostname="DESKTOP-LHMO7C5" failures="0" tests="4" name="Daily_challenge.webstatic" time="20.449" errors="0" timestamp="29 Jan 2024 11:34:32 GMT">
  <testcase classname="Daily_challenge.webstatic" name="testExample" time="4.539"/>
  <testcase classname="Daily_challenge.webstatic" name="testAnotherExample" time="4.569"/>
  <testcase classname="Daily_challenge.webstatic" name="testExample" time="5.674"/>
  <testcase classname="Daily_challenge.webstatic" name="testAnotherExample" time="5.667"/>
</testsuite> <!-- Daily_challenge.webstatic -->
