<?xml version="1.0" encoding="UTF-8"?>
<!-- Generated by org.testng.reporters.JUnitReportReporter -->
<testsuite hostname="DESKTOP-LHMO7C5" failures="0" tests="1" name="parall.parall1" time="9.052" errors="0" timestamp="30 Jan 2024 04:25:55 GMT">
  <testcase classname="parall.parall1" name="test2" time="9.052"/>
</testsuite> <!-- parall.parall1 -->
