<?xml version="1.0" encoding="UTF-8"?>
<!-- Generated by org.testng.reporters.JUnitReportReporter -->
<testsuite hostname="DESKTOP-LHMO7C5" failures="0" tests="1" name="Daily_challenge.freze" time="7.349" errors="0" timestamp="23 Jan 2024 05:31:31 GMT">
  <testcase classname="Daily_challenge.freze" name="at" time="7.349"/>
</testsuite> <!-- Daily_challenge.freze -->
