<?xml version="1.0" encoding="UTF-8"?>
<!-- Generated by org.testng.reporters.JUnitReportReporter -->
<testsuite hostname="DESKTOP-LHMO7C5" failures="0" tests="2" name="parall.parall2" time="14.489" errors="0" timestamp="30 Jan 2024 04:25:55 GMT">
  <testcase classname="parall.parall2" name="testAnotherExample" time="5.450"/>
  <testcase classname="parall.parall2" name="testExample" time="9.039"/>
</testsuite> <!-- parall.parall2 -->
