<?xml version="1.0" encoding="UTF-8"?>
<!-- Generated by org.testng.reporters.JUnitReportReporter -->
<testsuite hostname="DESKTOP-LHMO7C5" failures="0" tests="1" name="Daily_challenge.demo5" time="0.072" errors="0" timestamp="4 Jan 2024 06:31:47 GMT">
  <testcase classname="Daily_challenge.demo5" name="test" time="0.072"/>
</testsuite> <!-- Daily_challenge.demo5 -->
