<?xml version="1.0" encoding="UTF-8"?>
<!-- Generated by org.testng.reporters.JUnitReportReporter -->
<testsuite hostname="DESKTOP-LHMO7C5" failures="0" tests="3" name="Daily_challenge.Demo" time="65.909" errors="0" timestamp="3 Jan 2024 11:10:22 GMT">
  <testcase classname="Daily_challenge.Demo" name="test3_this_year" time="21.900"/>
  <testcase classname="Daily_challenge.Demo" name="test1_current" time="21.492"/>
  <testcase classname="Daily_challenge.Demo" name="test2_today_population" time="22.517"/>
</testsuite> <!-- Daily_challenge.Demo -->
