<?xml version="1.0" encoding="UTF-8"?>
<!-- Generated by org.testng.reporters.JUnitReportReporter -->
<testsuite hostname="DESKTOP-LHMO7C5" failures="0" tests="1" name="com.assign.testsuite.homePageTitle" time="9.537" errors="0" timestamp="1 Mar 2024 07:28:45 GMT">
  <testcase classname="com.assign.testsuite.homePageTitle" name="test1" time="9.537"/>
</testsuite> <!-- com.assign.testsuite.homePageTitle -->
