<?xml version="1.0" encoding="UTF-8"?>
<!-- Generated by org.testng.reporters.JUnitReportReporter -->
<testsuite hostname="DESKTOP-LHMO7C5" failures="0" tests="1" name="com.assign.testsuite.TestHomePageTitle" time="12.179" errors="0" timestamp="1 Mar 2024 09:42:32 GMT">
  <testcase classname="com.assign.testsuite.TestHomePageTitle" name="test1" time="12.179"/>
</testsuite> <!-- com.assign.testsuite.TestHomePageTitle -->
