<?xml version="1.0" encoding="UTF-8"?>
<!-- Generated by org.testng.reporters.JUnitReportReporter -->
<testsuite hostname="DESKTOP-LHMO7C5" failures="0" tests="2" name="com.taf.testsuite.SignUpPageTest" time="23.907" errors="0" timestamp="2024-02-11T15:56:44 IST" skipped="0">
  <testcase classname="com.taf.testsuite.SignUpPageTest" name="verifiedtitle" time="10.269"/>
  <system-out/>
  <testcase classname="com.taf.testsuite.SignUpPageTest" name="signuptest" time="13.638"/>
  <system-out/>
</testsuite> <!-- com.taf.testsuite.SignUpPageTest -->
