<?xml version="1.0" encoding="UTF-8"?>
<!-- Generated by org.testng.reporters.JUnitReportReporter -->
<testsuite hostname="DESKTOP-LHMO7C5" failures="0" tests="1" name="com.actions.chrome" time="12.757" errors="0" timestamp="2024-02-01T12:58:42 IST" skipped="0">
  <testcase classname="com.actions.chrome" name="tes" time="12.757"/>
  <system-out/>
</testsuite> <!-- com.actions.chrome -->
