<?xml version="1.0" encoding="UTF-8"?>
<!-- Generated by org.testng.reporters.JUnitReportReporter -->
<testsuite hostname="DESKTOP-LHMO7C5" failures="0" tests="1" name="com.day1.testsuite.testexec" time="9.377" errors="0" timestamp="2024-02-05T15:18:41 IST" skipped="0">
  <testcase classname="com.day1.testsuite.testexec" name="tesexe" time="9.377"/>
  <system-out/>
</testsuite> <!-- com.day1.testsuite.testexec -->
