<?xml version="1.0" encoding="UTF-8"?>
<!-- Generated by org.testng.reporters.JUnitReportReporter -->
<testsuite hostname="DESKTOP-LHMO7C5" failures="0" tests="1" name="com.assign.testsuite.TestCourseList" time="10.321" errors="0" timestamp="1 Mar 2024 10:20:07 GMT">
  <testcase classname="com.assign.testsuite.TestCourseList" name="test2" time="10.321"/>
</testsuite> <!-- com.assign.testsuite.TestCourseList -->
