<?xml version="1.0" encoding="UTF-8"?>
<!-- Generated by org.testng.reporters.JUnitReportReporter -->
<testsuite hostname="DESKTOP-LHMO7C5" failures="0" tests="1" name="com.assign.testsuite.TestHomePageTitle" time="30.192" errors="0" timestamp="1 Mar 2024 10:20:07 GMT">
  <testcase classname="com.assign.testsuite.TestHomePageTitle" name="test1" time="30.192"/>
</testsuite> <!-- com.assign.testsuite.TestHomePageTitle -->
